# JRE version: Java(TM) SE Runtime Environment (7.0_65-b17) (build 1.7.0_65-b17)
# Java VM: Java HotSpot(TM) 64-Bit Server VM (24.65-b04 mixed mode bsd-amd64 compressed oops)
Heap
 par new generation   total 39424K, used 477K [0x000000077ae00000, 0x000000077d8c0000, 0x000000078fac0000)
  eden space 35072K,   1% used [0x000000077ae00000, 0x000000077ae776a8, 0x000000077d040000)
  from space 4352K,   0% used [0x000000077d480000, 0x000000077d480000, 0x000000077d8c0000)
  to   space 4352K,   0% used [0x000000077d040000, 0x000000077d040000, 0x000000077d480000)
 concurrent mark-sweep generation total 87424K, used 7235K [0x000000078fac0000, 0x0000000795020000, 0x00000007fae00000)
 concurrent-mark-sweep perm gen total 26064K, used 15552K [0x00000007fae00000, 0x00000007fc774000, 0x0000000800000000)
GC Heap History (10 events):
Event: 87.988 GC heap before
{Heap before GC invocations=8 (full 11):
 par new generation   total 39424K, used 8053K [0x000000077ae00000, 0x000000077d8c0000, 0x000000078fac0000)
  eden space 35072K,  22% used [0x000000077ae00000, 0x000000077b5dd7b0, 0x000000077d040000)
  from space 4352K,   0% used [0x000000077d480000, 0x000000077d480000, 0x000000077d8c0000)
  to   space 4352K,   0% used [0x000000077d040000, 0x000000077d040000, 0x000000077d480000)
 concurrent mark-sweep generation total 87424K, used 5333K [0x000000078fac0000, 0x0000000795020000, 0x00000007fae00000)
 concurrent-mark-sweep perm gen total 25488K, used 15319K [0x00000007fae00000, 0x00000007fc6e4000, 0x0000000800000000)
Event: 88.040 GC heap after
Heap after GC invocations=9 (full 12):
 par new generation   total 39424K, used 0K [0x000000077ae00000, 0x000000077d8c0000, 0x000000078fac0000)
  eden space 35072K,   0% used [0x000000077ae00000, 0x000000077ae00000, 0x000000077d040000)
  from space 4352K,   0% used [0x000000077d480000, 0x000000077d480000, 0x000000077d8c0000)
  to   space 4352K,   0% used [0x000000077d040000, 0x000000077d040000, 0x000000077d480000)
 concurrent mark-sweep generation total 87424K, used 5380K [0x000000078fac0000, 0x0000000795020000, 0x00000007fae00000)
 concurrent-mark-sweep perm gen total 25680K, used 15298K [0x00000007fae00000, 0x00000007fc714000, 0x0000000800000000)
}
Event: 88.040 GC heap before
{Heap before GC invocations=9 (full 12):
 par new generation   total 39424K, used 1052K [0x000000077ae00000, 0x000000077d8c0000, 0x000000078fac0000)
  eden space 35072K,   3% used [0x000000077ae00000, 0x000000077af07128, 0x000000077d040000)
  from space 4352K,   0% used [0x000000077d480000, 0x000000077d480000, 0x000000077d8c0000)
  to   space 4352K,   0% used [0x000000077d040000, 0x000000077d040000, 0x000000077d480000)
 concurrent mark-sweep generation total 87424K, used 5380K [0x000000078fac0000, 0x0000000795020000, 0x00000007fae00000)
 concurrent-mark-sweep perm gen total 25680K, used 15298K [0x00000007fae00000, 0x00000007fc714000, 0x0000000800000000)
Event: 88.071 GC heap after
Heap after GC invocations=10 (full 13):
 par new generation   total 39424K, used 0K [0x000000077ae00000, 0x000000077d8c0000, 0x000000078fac0000)
  eden space 35072K,   0% used [0x000000077ae00000, 0x000000077ae00000, 0x000000077d040000)
  from space 4352K,   0% used [0x000000077d480000, 0x000000077d480000, 0x000000077d8c0000)
  to   space 4352K,   0% used [0x000000077d040000, 0x000000077d040000, 0x000000077d480000)
 concurrent mark-sweep generation total 87424K, used 5349K [0x000000078fac0000, 0x0000000795020000, 0x00000007fae00000)
 concurrent-mark-sweep perm gen total 25680K, used 15298K [0x00000007fae00000, 0x00000007fc714000, 0x0000000800000000)
}
Event: 137.158 GC heap before
{Heap before GC invocations=10 (full 14):
 par new generation   total 39424K, used 27949K [0x000000077ae00000, 0x000000077d8c0000, 0x000000078fac0000)
  eden space 35072K,  79% used [0x000000077ae00000, 0x000000077c94b638, 0x000000077d040000)
  from space 4352K,   0% used [0x000000077d480000, 0x000000077d480000, 0x000000077d8c0000)
  to   space 4352K,   0% used [0x000000077d040000, 0x000000077d040000, 0x000000077d480000)
 concurrent mark-sweep generation total 87424K, used 5296K [0x000000078fac0000, 0x0000000795020000, 0x00000007fae00000)
 concurrent-mark-sweep perm gen total 25872K, used 15542K [0x00000007fae00000, 0x00000007fc744000, 0x0000000800000000)
Event: 137.196 GC heap after
Heap after GC invocations=11 (full 15):
 par new generation   total 39424K, used 0K [0x000000077ae00000, 0x000000077d8c0000, 0x000000078fac0000)
  eden space 35072K,   0% used [0x000000077ae00000, 0x000000077ae00000, 0x000000077d040000)
  from space 4352K,   0% used [0x000000077d480000, 0x000000077d480000, 0x000000077d8c0000)
  to   space 4352K,   0% used [0x000000077d040000, 0x000000077d040000, 0x000000077d480000)
 concurrent mark-sweep generation total 87424K, used 5388K [0x000000078fac0000, 0x0000000795020000, 0x00000007fae00000)
 concurrent-mark-sweep perm gen total 26064K, used 15541K [0x00000007fae00000, 0x00000007fc774000, 0x0000000800000000)
}
Event: 1253.732 GC heap before
{Heap before GC invocations=11 (full 16):
 par new generation   total 39424K, used 18867K [0x000000077ae00000, 0x000000077d8c0000, 0x000000078fac0000)
  eden space 35072K,  53% used [0x000000077ae00000, 0x000000077c06cd18, 0x000000077d040000)
  from space 4352K,   0% used [0x000000077d480000, 0x000000077d480000, 0x000000077d8c0000)
  to   space 4352K,   0% used [0x000000077d040000, 0x000000077d040000, 0x000000077d480000)
 concurrent mark-sweep generation total 87424K, used 5388K [0x000000078fac0000, 0x0000000795020000, 0x00000007fae00000)
 concurrent-mark-sweep perm gen total 26064K, used 15552K [0x00000007fae00000, 0x00000007fc774000, 0x0000000800000000)
Event: 1253.767 GC heap after
Heap after GC invocations=12 (full 17):
 par new generation   total 39424K, used 0K [0x000000077ae00000, 0x000000077d8c0000, 0x000000078fac0000)
  eden space 35072K,   0% used [0x000000077ae00000, 0x000000077ae00000, 0x000000077d040000)
  from space 4352K,   0% used [0x000000077d480000, 0x000000077d480000, 0x000000077d8c0000)
  to   space 4352K,   0% used [0x000000077d040000, 0x000000077d040000, 0x000000077d480000)
 concurrent mark-sweep generation total 87424K, used 7238K [0x000000078fac0000, 0x0000000795020000, 0x00000007fae00000)
 concurrent-mark-sweep perm gen total 26064K, used 15552K [0x00000007fae00000, 0x00000007fc774000, 0x0000000800000000)
}
Event: 1253.768 GC heap before
{Heap before GC invocations=12 (full 17):
 par new generation   total 39424K, used 575K [0x000000077ae00000, 0x000000077d8c0000, 0x000000078fac0000)
  eden space 35072K,   1% used [0x000000077ae00000, 0x000000077ae8fcc0, 0x000000077d040000)
  from space 4352K,   0% used [0x000000077d480000, 0x000000077d480000, 0x000000077d8c0000)
  to   space 4352K,   0% used [0x000000077d040000, 0x000000077d040000, 0x000000077d480000)
 concurrent mark-sweep generation total 87424K, used 7238K [0x000000078fac0000, 0x0000000795020000, 0x00000007fae00000)
 concurrent-mark-sweep perm gen total 26064K, used 15552K [0x00000007fae00000, 0x00000007fc774000, 0x0000000800000000)
Event: 1253.802 GC heap after
Heap after GC invocations=13 (full 18):
 par new generation   total 39424K, used 0K [0x000000077ae00000, 0x000000077d8c0000, 0x000000078fac0000)
  eden space 35072K,   0% used [0x000000077ae00000, 0x000000077ae00000, 0x000000077d040000)
  from space 4352K,   0% used [0x000000077d480000, 0x000000077d480000, 0x000000077d8c0000)
  to   space 4352K,   0% used [0x000000077d040000, 0x000000077d040000, 0x000000077d480000)
 concurrent mark-sweep generation total 87424K, used 7235K [0x000000078fac0000, 0x0000000795020000, 0x00000007fae00000)
 concurrent-mark-sweep perm gen total 26064K, used 15552K [0x00000007fae00000, 0x00000007fc774000, 0x0000000800000000)
}

